0 info it worked if it ends with ok
1 verbose cli [ '/usr/local/bin/node',
1 verbose cli   '/usr/local/bin/npm',
1 verbose cli   'install',
1 verbose cli   'bootstrap@4.0.0-alpha.4',
1 verbose cli   '--save' ]
2 info using npm@2.14.9
3 info using node@v0.12.9
4 verbose node symlink /usr/local/bin/node
5 verbose install initial load of /home/workpc/www/p-ui/portfolio-ui/package.json
6 verbose installManyTop reading scoped package data from /home/workpc/www/p-ui/portfolio-ui/node_modules/angular2-in-memory-web-api/package.json
7 verbose installManyTop reading scoped package data from /home/workpc/www/p-ui/portfolio-ui/node_modules/bootstrap/package.json
8 verbose installManyTop reading scoped package data from /home/workpc/www/p-ui/portfolio-ui/node_modules/concurrently/package.json
9 verbose installManyTop reading scoped package data from /home/workpc/www/p-ui/portfolio-ui/node_modules/core-js/package.json
10 verbose installManyTop reading scoped package data from /home/workpc/www/p-ui/portfolio-ui/node_modules/gulp/package.json
11 verbose installManyTop reading scoped package data from /home/workpc/www/p-ui/portfolio-ui/node_modules/gulp-concat/package.json
12 verbose installManyTop reading scoped package data from /home/workpc/www/p-ui/portfolio-ui/node_modules/gulp-js-minify/package.json
13 verbose installManyTop reading scoped package data from /home/workpc/www/p-ui/portfolio-ui/node_modules/gulp-sass/package.json
14 verbose installManyTop reading scoped package data from /home/workpc/www/p-ui/portfolio-ui/node_modules/gulp-sourcemaps/package.json
15 verbose installManyTop reading scoped package data from /home/workpc/www/p-ui/portfolio-ui/node_modules/lite-server/package.json
16 verbose installManyTop reading scoped package data from /home/workpc/www/p-ui/portfolio-ui/node_modules/reflect-metadata/package.json
17 verbose installManyTop reading scoped package data from /home/workpc/www/p-ui/portfolio-ui/node_modules/rxjs/package.json
18 verbose installManyTop reading scoped package data from /home/workpc/www/p-ui/portfolio-ui/node_modules/systemjs/package.json
19 verbose installManyTop reading scoped package data from /home/workpc/www/p-ui/portfolio-ui/node_modules/typescript/package.json
20 verbose installManyTop reading scoped package data from /home/workpc/www/p-ui/portfolio-ui/node_modules/typings/package.json
21 verbose installManyTop reading scoped package data from /home/workpc/www/p-ui/portfolio-ui/node_modules/zone.js/package.json
22 verbose installManyTop reading scoped package data from /home/workpc/www/p-ui/portfolio-ui/node_modules/@angular/common/package.json
23 verbose installManyTop reading scoped package data from /home/workpc/www/p-ui/portfolio-ui/node_modules/@angular/compiler/package.json
24 verbose installManyTop reading scoped package data from /home/workpc/www/p-ui/portfolio-ui/node_modules/@angular/compiler-cli/package.json
25 verbose installManyTop reading scoped package data from /home/workpc/www/p-ui/portfolio-ui/node_modules/@angular/core/package.json
26 verbose installManyTop reading scoped package data from /home/workpc/www/p-ui/portfolio-ui/node_modules/@angular/forms/package.json
27 verbose installManyTop reading scoped package data from /home/workpc/www/p-ui/portfolio-ui/node_modules/@angular/http/package.json
28 verbose installManyTop reading scoped package data from /home/workpc/www/p-ui/portfolio-ui/node_modules/@angular/platform-browser/package.json
29 verbose installManyTop reading scoped package data from /home/workpc/www/p-ui/portfolio-ui/node_modules/@angular/platform-browser-dynamic/package.json
30 verbose installManyTop reading scoped package data from /home/workpc/www/p-ui/portfolio-ui/node_modules/@angular/platform-server/package.json
31 verbose installManyTop reading scoped package data from /home/workpc/www/p-ui/portfolio-ui/node_modules/@angular/router/package.json
32 verbose installManyTop reading scoped package data from /home/workpc/www/p-ui/portfolio-ui/node_modules/@angular/upgrade/package.json
33 info package.json @angular/common@2.0.0-rc.6 No description
34 info package.json @angular/common@2.0.0-rc.6 No README data
35 info package.json @angular/compiler@2.0.0-rc.6 No README data
36 info package.json @angular/core@2.0.0-rc.6 No README data
37 info package.json @angular/platform-browser@2.0.0-rc.6 No README data
38 info package.json @angular/platform-browser-dynamic@2.0.0-rc.6 No README data
39 info package.json @angular/forms@2.0.0-rc.6 No README data
40 info package.json @angular/router@3.0.0-rc.2 No README data
41 info package.json @angular/compiler-cli@0.6.0 No README data
42 info package.json @angular/http@2.0.0-rc.6 No README data
43 info package.json @angular/upgrade@2.0.0-rc.6 No description
44 info package.json @angular/upgrade@2.0.0-rc.6 No README data
45 verbose readDependencies loading dependencies from /home/workpc/www/p-ui/portfolio-ui/package.json
46 silly cache add args [ 'bootstrap@4.0.0-alpha.4', null ]
47 verbose cache add spec bootstrap@4.0.0-alpha.4
48 silly cache add parsed spec { raw: 'bootstrap@4.0.0-alpha.4',
48 silly cache add   scope: null,
48 silly cache add   name: 'bootstrap',
48 silly cache add   rawSpec: '4.0.0-alpha.4',
48 silly cache add   spec: '4.0.0-alpha.4',
48 silly cache add   type: 'version' }
49 silly addNamed bootstrap@4.0.0-alpha.4
50 verbose addNamed "4.0.0-alpha.4" is a plain semver version for bootstrap
51 silly mapToRegistry name bootstrap
52 silly mapToRegistry using default registry
53 silly mapToRegistry registry https://registry.npmjs.org/
54 silly mapToRegistry uri https://registry.npmjs.org/bootstrap
55 verbose addNameVersion registry:https://registry.npmjs.org/bootstrap not in flight; fetching
56 verbose request uri https://registry.npmjs.org/bootstrap
57 verbose request no auth needed
58 info attempt registry request try #1 at 5:22:35 PM
59 verbose request using bearer token for auth
60 verbose request id 0cbe4644327099b4
61 verbose etag "9SK94IDTK652GOIS5ELI4HY2I"
62 http request GET https://registry.npmjs.org/bootstrap
63 http 304 https://registry.npmjs.org/bootstrap
64 verbose headers { 'cache-control': 'max-age=300',
64 verbose headers   'accept-ranges': 'bytes',
64 verbose headers   date: 'Mon, 26 Sep 2016 14:22:36 GMT',
64 verbose headers   via: '1.1 varnish',
64 verbose headers   connection: 'keep-alive',
64 verbose headers   'x-served-by': 'cache-fra1245-FRA',
64 verbose headers   'x-cache': 'MISS',
64 verbose headers   'x-cache-hits': '0',
64 verbose headers   'x-timer': 'S1474899755.691563,VS0,VE757',
64 verbose headers   vary: 'Accept-Encoding' }
65 silly get cb [ 304,
65 silly get   { 'cache-control': 'max-age=300',
65 silly get     'accept-ranges': 'bytes',
65 silly get     date: 'Mon, 26 Sep 2016 14:22:36 GMT',
65 silly get     via: '1.1 varnish',
65 silly get     connection: 'keep-alive',
65 silly get     'x-served-by': 'cache-fra1245-FRA',
65 silly get     'x-cache': 'MISS',
65 silly get     'x-cache-hits': '0',
65 silly get     'x-timer': 'S1474899755.691563,VS0,VE757',
65 silly get     vary: 'Accept-Encoding' } ]
66 verbose etag https://registry.npmjs.org/bootstrap from cache
67 verbose get saving bootstrap to /home/workpc/.npm/registry.npmjs.org/bootstrap/.cache.json
68 silly mapToRegistry name bootstrap
69 silly mapToRegistry using default registry
70 silly mapToRegistry registry https://registry.npmjs.org/
71 silly mapToRegistry uri https://registry.npmjs.org/bootstrap
72 verbose addRemoteTarball https://registry.npmjs.org/bootstrap/-/bootstrap-4.0.0-alpha.4.tgz not in flight; adding
73 verbose addRemoteTarball [ 'https://registry.npmjs.org/bootstrap/-/bootstrap-4.0.0-alpha.4.tgz',
73 verbose addRemoteTarball   '823cb353d6c50a38df98aa18ec4df56ef0355e7a' ]
74 info retry fetch attempt 1 at 5:22:36 PM
75 info attempt registry request try #1 at 5:22:36 PM
76 http fetch GET https://registry.npmjs.org/bootstrap/-/bootstrap-4.0.0-alpha.4.tgz
77 verbose request using bearer token for auth
78 http fetch 200 https://registry.npmjs.org/bootstrap/-/bootstrap-4.0.0-alpha.4.tgz
79 silly fetchAndShaCheck shasum 823cb353d6c50a38df98aa18ec4df56ef0355e7a
80 verbose addTmpTarball /tmp/npm-26065-da14e575/registry.npmjs.org/bootstrap/-/bootstrap-4.0.0-alpha.4.tgz not in flight; adding
81 verbose addTmpTarball already have metadata; skipping unpack for bootstrap@4.0.0-alpha.4
82 silly cache afterAdd bootstrap@4.0.0-alpha.4
83 verbose afterAdd /home/workpc/.npm/bootstrap/4.0.0-alpha.4/package/package.json not in flight; writing
84 verbose afterAdd /home/workpc/.npm/bootstrap/4.0.0-alpha.4/package/package.json written
85 silly install resolved [ { name: 'bootstrap',
85 silly install resolved     description: 'The most popular front-end framework for developing responsive, mobile first projects on the web.',
85 silly install resolved     version: '4.0.0-alpha.4',
85 silly install resolved     keywords:
85 silly install resolved      [ 'css',
85 silly install resolved        'sass',
85 silly install resolved        'mobile-first',
85 silly install resolved        'responsive',
85 silly install resolved        'front-end',
85 silly install resolved        'framework',
85 silly install resolved        'web' ],
85 silly install resolved     homepage: 'http://getbootstrap.com',
85 silly install resolved     author:
85 silly install resolved      { name: 'The Bootstrap Authors',
85 silly install resolved        url: 'https://github.com/twbs/bootstrap/graphs/contributors' },
85 silly install resolved     contributors: [ [Object] ],
85 silly install resolved     scripts:
85 silly install resolved      { 'change-version': 'node grunt/change-version.js',
85 silly install resolved        eslint: 'eslint --config js/.eslintrc.json js/src',
85 silly install resolved        jscs: 'jscs --config=js/.jscsrc js/src js/tests/unit docs/assets/js/src grunt Gruntfile.js docs/assets/js/ie-emulation-modes-warning.js docs/assets/js/ie10-viewport-bug-workaround.js',
85 silly install resolved        htmlhint: 'htmlhint --config docs/.htmlhintrc _gh_pages/',
85 silly install resolved        postcss: 'postcss --config grunt/postcss.js --replace dist/css/*.css',
85 silly install resolved        'postcss-docs': 'postcss --config grunt/postcss.js --no-map --replace docs/assets/css/docs.min.css && postcss --config grunt/postcss.js --no-map --replace docs/examples/**/*.css',
85 silly install resolved        'update-shrinkwrap': 'npm shrinkwrap --dev && shx mv ./npm-shrinkwrap.json ./grunt/npm-shrinkwrap.json',
85 silly install resolved        test: 'npm run eslint && npm run jscs && grunt test' },
85 silly install resolved     style: 'dist/css/bootstrap.css',
85 silly install resolved     sass: 'scss/bootstrap.scss',
85 silly install resolved     main: 'dist/js/bootstrap',
85 silly install resolved     repository:
85 silly install resolved      { type: 'git',
85 silly install resolved        url: 'git+https://github.com/twbs/bootstrap.git' },
85 silly install resolved     bugs: { url: 'https://github.com/twbs/bootstrap/issues' },
85 silly install resolved     license: 'MIT',
85 silly install resolved     dependencies: { jquery: '1.9.1 - 3', tether: '^1.1.1' },
85 silly install resolved     devDependencies:
85 silly install resolved      { autoprefixer: '^6.0.3',
85 silly install resolved        'babel-eslint': '^6.0.4',
85 silly install resolved        eslint: '^3.0.0',
85 silly install resolved        grunt: '^1.0.1',
85 silly install resolved        'grunt-babel': '^5.0.3',
85 silly install resolved        'grunt-build-control': '^0.7.0',
85 silly install resolved        'grunt-contrib-clean': '^1.0.0',
85 silly install resolved        'grunt-contrib-compress': '^1.1.0',
85 silly install resolved        'grunt-contrib-concat': '^1.0.0',
85 silly install resolved        'grunt-contrib-connect': '^1.0.0',
85 silly install resolved        'grunt-contrib-copy': '^1.0.0',
85 silly install resolved        'grunt-contrib-cssmin': '^1.0.0',
85 silly install resolved        'grunt-contrib-qunit': '^1.0.1',
85 silly install resolved        'grunt-contrib-sass': '^1.0.0',
85 silly install resolved        'grunt-contrib-uglify': '^1.0.0',
85 silly install resolved        'grunt-contrib-watch': '^1.0.0',
85 silly install resolved        'grunt-exec': '^1.0.0',
85 silly install resolved        'grunt-html': '^8.0.1',
85 silly install resolved        'grunt-jekyll': '^0.4.2',
85 silly install resolved        'grunt-sass': '^1.0.0',
85 silly install resolved        'grunt-saucelabs': '^9.0.0',
85 silly install resolved        'grunt-scss-lint': '^0.3.8',
85 silly install resolved        'grunt-stamp': '^0.3.0',
85 silly install resolved        htmlhint: '^0.9.13',
85 silly install resolved        'is-travis': '^1.0.0',
85 silly install resolved        jscs: '^3.0.4',
85 silly install resolved        'load-grunt-tasks': '^3.4.0',
85 silly install resolved        'postcss-cli': '^2.5.2',
85 silly install resolved        'postcss-flexbugs-fixes': '^2.0.0',
85 silly install resolved        shelljs: '^0.7.0',
85 silly install resolved        shx: '^0.1.2',
85 silly install resolved        'time-grunt': '^1.2.1' },
85 silly install resolved     engines: { node: '>=4' },
85 silly install resolved     files:
85 silly install resolved      [ 'dist',
85 silly install resolved        'grunt',
85 silly install resolved        'js/**/*.js',
85 silly install resolved        'scss/**/*.scss',
85 silly install resolved        'Gruntfile.js',
85 silly install resolved        'LICENSE' ],
85 silly install resolved     jspm:
85 silly install resolved      { main: 'js/bootstrap',
85 silly install resolved        directories: [Object],
85 silly install resolved        shim: [Object],
85 silly install resolved        dependencies: [Object] },
85 silly install resolved     gitHead: '295c93846c154fb461f85b30e663102f7e171104',
85 silly install resolved     _id: 'bootstrap@4.0.0-alpha.4',
85 silly install resolved     _shasum: '823cb353d6c50a38df98aa18ec4df56ef0355e7a',
85 silly install resolved     _from: 'bootstrap@4.0.0-alpha.4',
85 silly install resolved     _npmVersion: '3.10.3',
85 silly install resolved     _nodeVersion: '6.3.1',
85 silly install resolved     _npmUser: { name: 'twbs', email: 'getbootstrap@gmail.com' },
85 silly install resolved     dist:
85 silly install resolved      { shasum: '823cb353d6c50a38df98aa18ec4df56ef0355e7a',
85 silly install resolved        tarball: 'https://registry.npmjs.org/bootstrap/-/bootstrap-4.0.0-alpha.4.tgz' },
85 silly install resolved     maintainers: [ [Object] ],
85 silly install resolved     _npmOperationalInternal:
85 silly install resolved      { host: 'packages-16-east.internal.npmjs.com',
85 silly install resolved        tmp: 'tmp/bootstrap-4.0.0-alpha.4.tgz_1473105949096_0.910542887635529' },
85 silly install resolved     directories: {},
85 silly install resolved     _resolved: 'https://registry.npmjs.org/bootstrap/-/bootstrap-4.0.0-alpha.4.tgz' } ]
86 info install bootstrap@4.0.0-alpha.4 into /home/workpc/www/p-ui/portfolio-ui
87 info installOne bootstrap@4.0.0-alpha.4
88 verbose installOne of bootstrap to /home/workpc/www/p-ui/portfolio-ui not in flight; installing
89 verbose lock using /home/workpc/.npm/_locks/bootstrap-fc37a364f9019901.lock for /home/workpc/www/p-ui/portfolio-ui/node_modules/bootstrap
90 warn engine bootstrap@4.0.0-alpha.4: wanted: {"node":">=4"} (current: {"node":"0.12.9","npm":"2.14.9"})
91 silly install write writing bootstrap 4.0.0-alpha.4 to /home/workpc/www/p-ui/portfolio-ui/node_modules/bootstrap
92 verbose unbuild node_modules/bootstrap
93 info preuninstall bootstrap@3.3.7
94 info uninstall bootstrap@3.3.7
95 verbose unbuild rmStuff bootstrap@3.3.7 from /home/workpc/www/p-ui/portfolio-ui/node_modules
96 info postuninstall bootstrap@3.3.7
97 silly gentlyRm /home/workpc/www/p-ui/portfolio-ui/node_modules/bootstrap is being purged from base /home/workpc/www/p-ui/portfolio-ui
98 verbose gentlyRm don't care about contents; nuking /home/workpc/www/p-ui/portfolio-ui/node_modules/bootstrap
99 silly vacuum-fs purging /home/workpc/www/p-ui/portfolio-ui/node_modules/bootstrap
100 silly vacuum-fs quitting because other entries in /home/workpc/www/p-ui/portfolio-ui/node_modules
101 verbose tar unpack /home/workpc/.npm/bootstrap/4.0.0-alpha.4/package.tgz
102 verbose tar unpacking to /home/workpc/www/p-ui/portfolio-ui/node_modules/bootstrap
103 silly gentlyRm /home/workpc/www/p-ui/portfolio-ui/node_modules/bootstrap is being purged
104 verbose gentlyRm don't care about contents; nuking /home/workpc/www/p-ui/portfolio-ui/node_modules/bootstrap
105 silly gunzTarPerm modes [ '755', '644' ]
106 silly gunzTarPerm extractEntry package.json
107 silly gunzTarPerm extractEntry README.md
108 silly gunzTarPerm extractEntry LICENSE
109 silly gunzTarPerm extractEntry Gruntfile.js
110 silly gunzTarPerm extractEntry CHANGELOG.md
111 silly gunzTarPerm extractEntry dist/css/bootstrap.css
112 silly gunzTarPerm extractEntry dist/css/bootstrap.css.map
113 silly gunzTarPerm extractEntry dist/css/bootstrap.min.css
114 silly gunzTarPerm extractEntry dist/css/bootstrap.min.css.map
115 silly gunzTarPerm extractEntry dist/js/bootstrap.js
116 silly gunzTarPerm extractEntry dist/js/bootstrap.min.js
117 silly gunzTarPerm extractEntry grunt/change-version.js
118 silly gunzTarPerm extractEntry grunt/postcss.js
119 silly gunzTarPerm extractEntry grunt/bs-sass-compile/libsass.js
120 silly gunzTarPerm extractEntry grunt/bs-sass-compile/sass.js
121 silly gunzTarPerm extractEntry grunt/configBridge.json
122 silly gunzTarPerm extractEntry grunt/gcp-key.json.enc
123 silly gunzTarPerm extractEntry grunt/npm-shrinkwrap.json
124 silly gunzTarPerm extractEntry grunt/sauce_browsers.yml
125 silly gunzTarPerm extractEntry grunt/upload-preview.sh
126 silly gunzTarPerm extractEntry js/dist/alert.js
127 silly gunzTarPerm extractEntry js/dist/carousel.js
128 silly gunzTarPerm extractEntry js/dist/collapse.js
129 silly gunzTarPerm extractEntry js/dist/dropdown.js
130 silly gunzTarPerm extractEntry js/dist/button.js
131 silly gunzTarPerm extractEntry js/dist/popover.js
132 silly gunzTarPerm extractEntry js/dist/scrollspy.js
133 silly gunzTarPerm extractEntry js/dist/tab.js
134 silly gunzTarPerm extractEntry js/dist/tooltip.js
135 silly gunzTarPerm extractEntry js/dist/util.js
136 silly gunzTarPerm extractEntry js/dist/modal.js
137 silly gunzTarPerm extractEntry js/src/alert.js
138 silly gunzTarPerm extractEntry js/src/carousel.js
139 silly gunzTarPerm extractEntry js/src/collapse.js
140 silly gunzTarPerm extractEntry js/src/dropdown.js
141 silly gunzTarPerm extractEntry js/src/button.js
142 silly gunzTarPerm extractEntry js/src/popover.js
143 silly gunzTarPerm extractEntry js/src/scrollspy.js
144 silly gunzTarPerm extractEntry js/src/tab.js
145 silly gunzTarPerm extractEntry js/src/tooltip.js
146 silly gunzTarPerm extractEntry js/src/util.js
147 silly gunzTarPerm extractEntry js/src/modal.js
148 silly gunzTarPerm extractEntry js/tests/README.md
149 silly gunzTarPerm extractEntry js/tests/unit/alert.js
150 silly gunzTarPerm extractEntry js/tests/unit/carousel.js
151 silly gunzTarPerm extractEntry js/tests/unit/collapse.js
152 silly gunzTarPerm extractEntry js/tests/unit/dropdown.js
153 silly gunzTarPerm extractEntry js/tests/unit/button.js
154 silly gunzTarPerm extractEntry js/tests/unit/phantom.js
155 silly gunzTarPerm extractEntry js/tests/unit/popover.js
156 silly gunzTarPerm extractEntry js/tests/unit/scrollspy.js
157 silly gunzTarPerm extractEntry js/tests/unit/tab.js
158 silly gunzTarPerm extractEntry js/tests/unit/tooltip.js
159 silly gunzTarPerm extractEntry js/tests/unit/modal.js
160 silly gunzTarPerm extractEntry js/tests/vendor/jquery.min.js
161 silly gunzTarPerm extractEntry js/tests/vendor/qunit.js
162 silly gunzTarPerm extractEntry js/tests/vendor/tether.min.js
163 silly gunzTarPerm extractEntry scss/_modal.scss
164 silly gunzTarPerm extractEntry scss/_animation.scss
165 silly gunzTarPerm extractEntry scss/_breadcrumb.scss
166 silly gunzTarPerm extractEntry scss/_button-group.scss
167 silly gunzTarPerm extractEntry scss/_buttons.scss
168 silly gunzTarPerm extractEntry scss/_card.scss
169 silly gunzTarPerm extractEntry scss/_carousel.scss
170 silly gunzTarPerm extractEntry scss/_close.scss
171 silly gunzTarPerm extractEntry scss/_code.scss
172 silly gunzTarPerm extractEntry scss/_custom-forms.scss
173 silly gunzTarPerm extractEntry scss/_custom.scss
174 silly gunzTarPerm extractEntry scss/_dropdown.scss
175 silly gunzTarPerm extractEntry scss/_forms.scss
176 silly gunzTarPerm extractEntry scss/_grid.scss
177 silly gunzTarPerm extractEntry scss/_images.scss
178 silly gunzTarPerm extractEntry scss/_input-group.scss
179 silly gunzTarPerm extractEntry scss/_jumbotron.scss
180 silly gunzTarPerm extractEntry scss/_list-group.scss
181 silly gunzTarPerm extractEntry scss/_media.scss
182 silly gunzTarPerm extractEntry scss/_mixins.scss
183 silly gunzTarPerm extractEntry scss/_alert.scss
184 silly gunzTarPerm extractEntry scss/_nav.scss
185 silly gunzTarPerm extractEntry scss/_navbar.scss
186 silly gunzTarPerm extractEntry scss/_normalize.scss
187 silly gunzTarPerm extractEntry scss/_pagination.scss
188 silly gunzTarPerm extractEntry scss/_popover.scss
189 silly gunzTarPerm extractEntry scss/_print.scss
190 silly gunzTarPerm extractEntry scss/_progress.scss
191 silly gunzTarPerm extractEntry scss/_reboot.scss
192 silly gunzTarPerm extractEntry scss/_responsive-embed.scss
193 silly gunzTarPerm extractEntry scss/_tables.scss
194 silly gunzTarPerm extractEntry scss/_tags.scss
195 silly gunzTarPerm extractEntry scss/_tooltip.scss
196 silly gunzTarPerm extractEntry scss/_type.scss
197 silly gunzTarPerm extractEntry scss/_utilities.scss
198 silly gunzTarPerm extractEntry scss/_variables.scss
199 silly gunzTarPerm extractEntry scss/bootstrap-flex.scss
200 silly gunzTarPerm extractEntry scss/bootstrap-grid.scss
201 silly gunzTarPerm extractEntry scss/bootstrap-reboot.scss
202 silly gunzTarPerm extractEntry scss/bootstrap.scss
203 silly gunzTarPerm extractEntry scss/mixins/_nav-divider.scss
204 silly gunzTarPerm extractEntry scss/mixins/_alert.scss
205 silly gunzTarPerm extractEntry scss/mixins/_border-radius.scss
206 silly gunzTarPerm extractEntry scss/mixins/_breakpoints.scss
207 silly gunzTarPerm extractEntry scss/mixins/_buttons.scss
208 silly gunzTarPerm extractEntry scss/mixins/_cards.scss
209 silly gunzTarPerm extractEntry scss/mixins/_clearfix.scss
210 silly gunzTarPerm extractEntry scss/mixins/_forms.scss
211 silly gunzTarPerm extractEntry scss/mixins/_gradients.scss
212 silly gunzTarPerm extractEntry scss/mixins/_grid-framework.scss
213 silly gunzTarPerm extractEntry scss/mixins/_grid.scss
214 silly gunzTarPerm extractEntry scss/mixins/_hover.scss
215 silly gunzTarPerm extractEntry scss/mixins/_image.scss
216 silly gunzTarPerm extractEntry scss/mixins/_list-group.scss
217 silly gunzTarPerm extractEntry scss/mixins/_lists.scss
218 silly gunzTarPerm extractEntry scss/mixins/_background-variant.scss
219 silly gunzTarPerm extractEntry scss/mixins/_navbar-align.scss
220 silly gunzTarPerm extractEntry scss/mixins/_pagination.scss
221 silly gunzTarPerm extractEntry scss/mixins/_progress.scss
222 silly gunzTarPerm extractEntry scss/mixins/_pulls.scss
223 silly gunzTarPerm extractEntry scss/mixins/_reset-filter.scss
224 silly gunzTarPerm extractEntry scss/mixins/_reset-text.scss
225 silly gunzTarPerm extractEntry scss/mixins/_resize.scss
226 silly gunzTarPerm extractEntry scss/mixins/_screen-reader.scss
227 silly gunzTarPerm extractEntry scss/mixins/_size.scss
228 silly gunzTarPerm extractEntry scss/mixins/_tab-focus.scss
229 silly gunzTarPerm extractEntry scss/mixins/_table-row.scss
230 silly gunzTarPerm extractEntry scss/mixins/_tag.scss
231 silly gunzTarPerm extractEntry scss/mixins/_text-emphasis.scss
232 silly gunzTarPerm extractEntry scss/mixins/_text-hide.scss
233 silly gunzTarPerm extractEntry scss/mixins/_text-truncate.scss
234 silly gunzTarPerm extractEntry scss/utilities/_background.scss
235 silly gunzTarPerm extractEntry scss/utilities/_clearfix.scss
236 silly gunzTarPerm extractEntry scss/utilities/_display.scss
237 silly gunzTarPerm extractEntry scss/utilities/_flex.scss
238 silly gunzTarPerm extractEntry scss/utilities/_pulls.scss
239 silly gunzTarPerm extractEntry scss/utilities/_screenreaders.scss
240 silly gunzTarPerm extractEntry scss/utilities/_spacing.scss
241 silly gunzTarPerm extractEntry scss/utilities/_text.scss
242 silly gunzTarPerm extractEntry scss/utilities/_visibility.scss
243 verbose write writing to /home/workpc/www/p-ui/portfolio-ui/node_modules/bootstrap/package.json
244 info preinstall bootstrap@4.0.0-alpha.4
245 verbose readDependencies loading dependencies from /home/workpc/www/p-ui/portfolio-ui/node_modules/bootstrap/package.json
246 silly prepareForInstallMany adding jquery@1.9.1 - 3 from bootstrap dependencies
247 silly prepareForInstallMany adding tether@^1.1.1 from bootstrap dependencies
248 verbose readDependencies loading dependencies from /home/workpc/www/p-ui/portfolio-ui/node_modules/bootstrap/package.json
249 silly cache add args [ 'jquery@1.9.1 - 3', null ]
250 verbose cache add spec jquery@1.9.1 - 3
251 silly cache add args [ 'tether@^1.1.1', null ]
252 verbose cache add spec tether@^1.1.1
253 silly cache add parsed spec { raw: 'jquery@1.9.1 - 3',
253 silly cache add   scope: null,
253 silly cache add   name: 'jquery',
253 silly cache add   rawSpec: '1.9.1 - 3',
253 silly cache add   spec: '>=1.9.1 <4.0.0',
253 silly cache add   type: 'range' }
254 silly addNamed jquery@>=1.9.1 <4.0.0
255 verbose addNamed ">=1.9.1 <4.0.0" is a valid semver range for jquery
256 silly addNameRange { name: 'jquery', range: '>=1.9.1 <4.0.0', hasData: false }
257 silly mapToRegistry name jquery
258 silly mapToRegistry using default registry
259 silly mapToRegistry registry https://registry.npmjs.org/
260 silly mapToRegistry uri https://registry.npmjs.org/jquery
261 verbose addNameRange registry:https://registry.npmjs.org/jquery not in flight; fetching
262 silly cache add parsed spec { raw: 'tether@^1.1.1',
262 silly cache add   scope: null,
262 silly cache add   name: 'tether',
262 silly cache add   rawSpec: '^1.1.1',
262 silly cache add   spec: '>=1.1.1 <2.0.0',
262 silly cache add   type: 'range' }
263 silly addNamed tether@>=1.1.1 <2.0.0
264 verbose addNamed ">=1.1.1 <2.0.0" is a valid semver range for tether
265 silly addNameRange { name: 'tether', range: '>=1.1.1 <2.0.0', hasData: false }
266 silly mapToRegistry name tether
267 silly mapToRegistry using default registry
268 silly mapToRegistry registry https://registry.npmjs.org/
269 silly mapToRegistry uri https://registry.npmjs.org/tether
270 verbose addNameRange registry:https://registry.npmjs.org/tether not in flight; fetching
271 verbose request uri https://registry.npmjs.org/tether
272 verbose request no auth needed
273 info attempt registry request try #1 at 5:22:37 PM
274 verbose request using bearer token for auth
275 http request GET https://registry.npmjs.org/tether
276 verbose request uri https://registry.npmjs.org/jquery
277 verbose request no auth needed
278 info attempt registry request try #1 at 5:22:37 PM
279 verbose request using bearer token for auth
280 verbose etag "711OVFOEDYPYF5KW7FXLJBU0L"
281 http request GET https://registry.npmjs.org/jquery
282 http 200 https://registry.npmjs.org/tether
283 verbose headers { server: 'CouchDB/1.5.0 (Erlang OTP/R16B03)',
283 verbose headers   etag: '"3E1Q27FYH27OLHGSVFEO514AC"',
283 verbose headers   'content-type': 'application/json',
283 verbose headers   'content-encoding': 'gzip',
283 verbose headers   'cache-control': 'max-age=300',
283 verbose headers   'transfer-encoding': 'chunked',
283 verbose headers   'accept-ranges': 'bytes',
283 verbose headers   date: 'Mon, 26 Sep 2016 14:22:38 GMT',
283 verbose headers   via: '1.1 varnish',
283 verbose headers   connection: 'keep-alive',
283 verbose headers   'x-served-by': 'cache-fra1247-FRA',
283 verbose headers   'x-cache': 'MISS',
283 verbose headers   'x-cache-hits': '0',
283 verbose headers   'x-timer': 'S1474899757.980354,VS0,VE194',
283 verbose headers   vary: 'Accept-Encoding' }
284 silly get cb [ 200,
284 silly get   { server: 'CouchDB/1.5.0 (Erlang OTP/R16B03)',
284 silly get     etag: '"3E1Q27FYH27OLHGSVFEO514AC"',
284 silly get     'content-type': 'application/json',
284 silly get     'content-encoding': 'gzip',
284 silly get     'cache-control': 'max-age=300',
284 silly get     'transfer-encoding': 'chunked',
284 silly get     'accept-ranges': 'bytes',
284 silly get     date: 'Mon, 26 Sep 2016 14:22:38 GMT',
284 silly get     via: '1.1 varnish',
284 silly get     connection: 'keep-alive',
284 silly get     'x-served-by': 'cache-fra1247-FRA',
284 silly get     'x-cache': 'MISS',
284 silly get     'x-cache-hits': '0',
284 silly get     'x-timer': 'S1474899757.980354,VS0,VE194',
284 silly get     vary: 'Accept-Encoding' } ]
285 verbose get saving tether to /home/workpc/.npm/registry.npmjs.org/tether/.cache.json
286 silly addNameRange number 2 { name: 'tether', range: '>=1.1.1 <2.0.0', hasData: true }
287 silly addNameRange versions [ 'tether',
287 silly addNameRange   [ '0.5.2',
287 silly addNameRange     '0.6.5',
287 silly addNameRange     '0.7.1',
287 silly addNameRange     '0.7.2',
287 silly addNameRange     '1.0.0',
287 silly addNameRange     '1.0.1',
287 silly addNameRange     '1.0.2',
287 silly addNameRange     '1.0.3',
287 silly addNameRange     '1.1.0',
287 silly addNameRange     '1.1.1',
287 silly addNameRange     '1.2.0',
287 silly addNameRange     '1.2.2',
287 silly addNameRange     '1.2.3',
287 silly addNameRange     '1.3.0',
287 silly addNameRange     '1.3.1',
287 silly addNameRange     '1.2.4',
287 silly addNameRange     '1.3.2',
287 silly addNameRange     '1.3.3',
287 silly addNameRange     '1.3.4',
287 silly addNameRange     '1.3.5',
287 silly addNameRange     '1.3.6',
287 silly addNameRange     '1.3.7' ] ]
288 silly addNamed tether@1.3.7
289 verbose addNamed "1.3.7" is a plain semver version for tether
290 silly mapToRegistry name tether
291 silly mapToRegistry using default registry
292 silly mapToRegistry registry https://registry.npmjs.org/
293 silly mapToRegistry uri https://registry.npmjs.org/tether
294 verbose addRemoteTarball https://registry.npmjs.org/tether/-/tether-1.3.7.tgz not in flight; adding
295 verbose addRemoteTarball [ 'https://registry.npmjs.org/tether/-/tether-1.3.7.tgz',
295 verbose addRemoteTarball   '65578104741694f9672c808eae04a9adae7b0304' ]
296 info retry fetch attempt 1 at 5:22:38 PM
297 info attempt registry request try #1 at 5:22:38 PM
298 http fetch GET https://registry.npmjs.org/tether/-/tether-1.3.7.tgz
299 verbose request using bearer token for auth
300 http 200 https://registry.npmjs.org/jquery
301 verbose headers { server: 'CouchDB/1.5.0 (Erlang OTP/R16B03)',
301 verbose headers   etag: '"9X5P3R8V2J28AZM910FPW80JM"',
301 verbose headers   'content-type': 'application/json',
301 verbose headers   'content-encoding': 'gzip',
301 verbose headers   'cache-control': 'max-age=300',
301 verbose headers   'transfer-encoding': 'chunked',
301 verbose headers   'accept-ranges': 'bytes',
301 verbose headers   date: 'Mon, 26 Sep 2016 14:22:38 GMT',
301 verbose headers   via: '1.1 varnish',
301 verbose headers   connection: 'keep-alive',
301 verbose headers   'x-served-by': 'cache-fra1246-FRA',
301 verbose headers   'x-cache': 'MISS',
301 verbose headers   'x-cache-hits': '0',
301 verbose headers   'x-timer': 'S1474899758.027025,VS0,VE130',
301 verbose headers   vary: 'Accept-Encoding' }
302 silly get cb [ 200,
302 silly get   { server: 'CouchDB/1.5.0 (Erlang OTP/R16B03)',
302 silly get     etag: '"9X5P3R8V2J28AZM910FPW80JM"',
302 silly get     'content-type': 'application/json',
302 silly get     'content-encoding': 'gzip',
302 silly get     'cache-control': 'max-age=300',
302 silly get     'transfer-encoding': 'chunked',
302 silly get     'accept-ranges': 'bytes',
302 silly get     date: 'Mon, 26 Sep 2016 14:22:38 GMT',
302 silly get     via: '1.1 varnish',
302 silly get     connection: 'keep-alive',
302 silly get     'x-served-by': 'cache-fra1246-FRA',
302 silly get     'x-cache': 'MISS',
302 silly get     'x-cache-hits': '0',
302 silly get     'x-timer': 'S1474899758.027025,VS0,VE130',
302 silly get     vary: 'Accept-Encoding' } ]
303 verbose get saving jquery to /home/workpc/.npm/registry.npmjs.org/jquery/.cache.json
304 silly addNameRange number 2 { name: 'jquery', range: '>=1.9.1 <4.0.0', hasData: true }
305 silly addNameRange versions [ 'jquery',
305 silly addNameRange   [ '1.5.1',
305 silly addNameRange     '1.6.2',
305 silly addNameRange     '1.6.3',
305 silly addNameRange     '1.7.2',
305 silly addNameRange     '1.7.3',
305 silly addNameRange     '1.8.2',
305 silly addNameRange     '1.8.3',
305 silly addNameRange     '2.1.0-beta2',
305 silly addNameRange     '2.1.0-beta3',
305 silly addNameRange     '1.11.0-beta3',
305 silly addNameRange     '1.11.0-rc1',
305 silly addNameRange     '2.1.0-rc1',
305 silly addNameRange     '1.11.0',
305 silly addNameRange     '2.1.0',
305 silly addNameRange     '2.1.1-beta1',
305 silly addNameRange     '1.11.1-beta1',
305 silly addNameRange     '2.1.1-rc1',
305 silly addNameRange     '1.11.1-rc1',
305 silly addNameRange     '2.1.1-rc2',
305 silly addNameRange     '1.11.1-rc2',
305 silly addNameRange     '2.1.1',
305 silly addNameRange     '1.11.1',
305 silly addNameRange     '1.9.1',
305 silly addNameRange     '2.1.2',
305 silly addNameRange     '1.11.2',
305 silly addNameRange     '2.1.3',
305 silly addNameRange     '2.1.4',
305 silly addNameRange     '1.11.3',
305 silly addNameRange     '3.0.0-alpha1',
305 silly addNameRange     '1.12.0',
305 silly addNameRange     '2.2.0',
305 silly addNameRange     '3.0.0-beta1',
305 silly addNameRange     '1.12.1',
305 silly addNameRange     '2.2.1',
305 silly addNameRange     '1.12.2',
305 silly addNameRange     '2.2.2',
305 silly addNameRange     '1.12.3',
305 silly addNameRange     '2.2.3',
305 silly addNameRange     '1.12.4',
305 silly addNameRange     '2.2.4',
305 silly addNameRange     '3.0.0-rc1',
305 silly addNameRange     '3.0.0',
305 silly addNameRange     '3.1.0',
305 silly addNameRange     '3.1.1' ] ]
306 silly addNamed jquery@3.1.1
307 verbose addNamed "3.1.1" is a plain semver version for jquery
308 silly mapToRegistry name jquery
309 silly mapToRegistry using default registry
310 silly mapToRegistry registry https://registry.npmjs.org/
311 silly mapToRegistry uri https://registry.npmjs.org/jquery
312 verbose addRemoteTarball https://registry.npmjs.org/jquery/-/jquery-3.1.1.tgz not in flight; adding
313 verbose addRemoteTarball [ 'https://registry.npmjs.org/jquery/-/jquery-3.1.1.tgz',
313 verbose addRemoteTarball   '347c1c21c7e004115e0a4da32cece041fad3c8a3' ]
314 info retry fetch attempt 1 at 5:22:38 PM
315 info attempt registry request try #1 at 5:22:38 PM
316 http fetch GET https://registry.npmjs.org/jquery/-/jquery-3.1.1.tgz
317 verbose request using bearer token for auth
318 http fetch 200 https://registry.npmjs.org/tether/-/tether-1.3.7.tgz
319 http fetch 200 https://registry.npmjs.org/jquery/-/jquery-3.1.1.tgz
320 silly fetchAndShaCheck shasum 65578104741694f9672c808eae04a9adae7b0304
321 verbose addTmpTarball /tmp/npm-26065-da14e575/registry.npmjs.org/tether/-/tether-1.3.7.tgz not in flight; adding
322 verbose addTmpTarball already have metadata; skipping unpack for tether@1.3.7
323 silly cache afterAdd tether@1.3.7
324 verbose afterAdd /home/workpc/.npm/tether/1.3.7/package/package.json not in flight; writing
325 verbose afterAdd /home/workpc/.npm/tether/1.3.7/package/package.json written
326 silly fetchAndShaCheck shasum 347c1c21c7e004115e0a4da32cece041fad3c8a3
327 verbose addTmpTarball /tmp/npm-26065-da14e575/registry.npmjs.org/jquery/-/jquery-3.1.1.tgz not in flight; adding
328 verbose addTmpTarball already have metadata; skipping unpack for jquery@3.1.1
329 silly cache afterAdd jquery@3.1.1
330 verbose afterAdd /home/workpc/.npm/jquery/3.1.1/package/package.json not in flight; writing
331 verbose afterAdd /home/workpc/.npm/jquery/3.1.1/package/package.json written
332 silly install resolved [ { name: 'tether',
332 silly install resolved     version: '1.3.7',
332 silly install resolved     description: 'A client-side library to make absolutely positioned elements attach to elements in the page efficiently.',
332 silly install resolved     authors:
332 silly install resolved      [ 'Zack Bloom <zackbloom@gmail.com>',
332 silly install resolved        'Adam Schwartz <adam.flynn.schwartz@gmail.com>' ],
332 silly install resolved     maintainers: [ [Object], [Object], [Object] ],
332 silly install resolved     scripts:
332 silly install resolved      { reinstall: 'del node_modules && npm install',
332 silly install resolved        watch: 'gulp watch',
332 silly install resolved        build: 'gulp build' },
332 silly install resolved     repository:
332 silly install resolved      { type: 'git',
332 silly install resolved        url: 'git+https://github.com/HubSpot/tether.git' },
332 silly install resolved     license: 'MIT',
332 silly install resolved     main: 'dist/js/tether.js',
332 silly install resolved     devDependencies:
332 silly install resolved      { del: '^2.0.2',
332 silly install resolved        'del-cli': '^0.2.0',
332 silly install resolved        gulp: '^3.9.0',
332 silly install resolved        'gulp-autoprefixer': '^3.0.1',
332 silly install resolved        'gulp-babel': '^5.2.1',
332 silly install resolved        'gulp-bump': '^0.3.1',
332 silly install resolved        'gulp-concat': '^2.6.0',
332 silly install resolved        'gulp-header': '^1.7.1',
332 silly install resolved        'gulp-minify-css': '^1.2.1',
332 silly install resolved        'gulp-plumber': '^1.0.1',
332 silly install resolved        'gulp-rename': '^1.2.2',
332 silly install resolved        'gulp-sass': '^2.0.4',
332 silly install resolved        'gulp-uglify': '^1.4.1',
332 silly install resolved        'gulp-wrap-umd': '^0.2.1' },
332 silly install resolved     gitHead: '7a7fcc0b4ec7b0e10b168b9e730c39bc018fb852',
332 silly install resolved     bugs: { url: 'https://github.com/HubSpot/tether/issues' },
332 silly install resolved     homepage: 'https://github.com/HubSpot/tether#readme',
332 silly install resolved     _id: 'tether@1.3.7',
332 silly install resolved     _shasum: '65578104741694f9672c808eae04a9adae7b0304',
332 silly install resolved     _from: 'tether@>=1.1.1 <2.0.0',
332 silly install resolved     _npmVersion: '2.14.12',
332 silly install resolved     _nodeVersion: '4.2.4',
332 silly install resolved     _npmUser: { name: 'hs', email: 'devteam@hubspot.com' },
332 silly install resolved     dist:
332 silly install resolved      { shasum: '65578104741694f9672c808eae04a9adae7b0304',
332 silly install resolved        tarball: 'https://registry.npmjs.org/tether/-/tether-1.3.7.tgz' },
332 silly install resolved     _npmOperationalInternal:
332 silly install resolved      { host: 'packages-16-east.internal.npmjs.com',
332 silly install resolved        tmp: 'tmp/tether-1.3.7.tgz_1472833242502_0.4759219968691468' },
332 silly install resolved     directories: {},
332 silly install resolved     _resolved: 'https://registry.npmjs.org/tether/-/tether-1.3.7.tgz' },
332 silly install resolved   { name: 'jquery',
332 silly install resolved     title: 'jQuery',
332 silly install resolved     description: 'JavaScript library for DOM operations',
332 silly install resolved     version: '3.1.1',
332 silly install resolved     main: 'dist/jquery.js',
332 silly install resolved     homepage: 'https://jquery.com',
332 silly install resolved     author:
332 silly install resolved      { name: 'jQuery Foundation and other contributors',
332 silly install resolved        url: 'https://github.com/jquery/jquery/blob/3.1.1/AUTHORS.txt' },
332 silly install resolved     repository: { type: 'git', url: 'git+https://github.com/jquery/jquery.git' },
332 silly install resolved     keywords: [ 'jquery', 'javascript', 'browser', 'library' ],
332 silly install resolved     bugs: { url: 'https://github.com/jquery/jquery/issues' },
332 silly install resolved     license: 'MIT',
332 silly install resolved     dependencies: {},
332 silly install resolved     devDependencies:
332 silly install resolved      { 'babel-preset-es2015': '6.6.0',
332 silly install resolved        commitplease: '2.6.1',
332 silly install resolved        'core-js': '2.2.2',
332 silly install resolved        'cross-spawn': '2.2.3',
332 silly install resolved        'eslint-config-jquery': '1.0.0',
332 silly install resolved        grunt: '1.0.1',
332 silly install resolved        'grunt-babel': '6.0.0',
332 silly install resolved        'grunt-cli': '1.2.0',
332 silly install resolved        'grunt-compare-size': '0.4.2',
332 silly install resolved        'grunt-contrib-uglify': '1.0.1',
332 silly install resolved        'grunt-contrib-watch': '1.0.0',
332 silly install resolved        'grunt-eslint': '19.0.0',
332 silly install resolved        'grunt-git-authors': '3.2.0',
332 silly install resolved        'grunt-jsonlint': '1.0.7',
332 silly install resolved        'grunt-newer': '1.2.0',
332 silly install resolved        'grunt-npmcopy': '0.1.0',
332 silly install resolved        'gzip-js': '0.3.2',
332 silly install resolved        husky: '0.11.4',
332 silly install resolved        insight: '0.8.1',
332 silly install resolved        jsdom: '5.6.1',
332 silly install resolved        'load-grunt-tasks': '3.5.0',
332 silly install resolved        'native-promise-only': '0.8.1',
332 silly install resolved        'promises-aplus-tests': '2.1.2',
332 silly install resolved        q: '1.4.1',
332 silly install resolved        'qunit-assert-step': '1.0.3',
332 silly install resolved        qunitjs: '1.23.1',
332 silly install resolved        requirejs: '2.2.0',
332 silly install resolved        sinon: '1.17.3',
332 silly install resolved        sizzle: '2.3.3',
332 silly install resolved        'strip-json-comments': '2.0.1',
332 silly install resolved        testswarm: '1.1.0' },
332 silly install resolved     scripts:
332 silly install resolved      { build: 'npm install && grunt',
332 silly install resolved        start: 'grunt watch',
332 silly install resolved        test: 'grunt && grunt test:slow',
332 silly install resolved        precommit: 'grunt lint:newer',
332 silly install resolved        commitmsg: 'node node_modules/commitplease' },
332 silly install resolved     commitplease:
332 silly install resolved      { nohook: true,
332 silly install resolved        components: [Object],
332 silly install resolved        markerPattern: '^((clos|fix|resolv)(e[sd]|ing))|(refs?)',
332 silly install resolved        ticketPattern: '^((Closes|Fixes) ([a-zA-Z]{2,}-)[0-9]+)|(Refs? [^#])' },
332 silly install resolved     gitHead: '1b30f3ad466ebf2714d47eda34dbd7fdf6849fe3',
332 silly install resolved     _id: 'jquery@3.1.1',
332 silly install resolved     _shasum: '347c1c21c7e004115e0a4da32cece041fad3c8a3',
332 silly install resolved     _from: 'jquery@>=1.9.1 <4.0.0',
332 silly install resolved     _npmVersion: '3.10.3',
332 silly install resolved     _nodeVersion: '6.6.0',
332 silly install resolved     _npmUser: { name: 'timmywil', email: '4timmywil@gmail.com' },
332 silly install resolved     dist:
332 silly install resolved      { shasum: '347c1c21c7e004115e0a4da32cece041fad3c8a3',
332 silly install resolved        tarball: 'https://registry.npmjs.org/jquery/-/jquery-3.1.1.tgz' },
332 silly install resolved     maintainers: [ [Object], [Object], [Object], [Object] ],
332 silly install resolved     _npmOperationalInternal:
332 silly install resolved      { host: 'packages-12-west.internal.npmjs.com',
332 silly install resolved        tmp: 'tmp/jquery-3.1.1.tgz_1474583566957_0.15473420196212828' },
332 silly install resolved     directories: {},
332 silly install resolved     _resolved: 'https://registry.npmjs.org/jquery/-/jquery-3.1.1.tgz' } ]
333 info install tether@1.3.7 into /home/workpc/www/p-ui/portfolio-ui/node_modules/bootstrap
334 info install jquery@3.1.1 into /home/workpc/www/p-ui/portfolio-ui/node_modules/bootstrap
335 info installOne tether@1.3.7
336 verbose installOne of tether to /home/workpc/www/p-ui/portfolio-ui/node_modules/bootstrap not in flight; installing
337 info installOne jquery@3.1.1
338 verbose installOne of jquery to /home/workpc/www/p-ui/portfolio-ui/node_modules/bootstrap not in flight; installing
339 verbose lock using /home/workpc/.npm/_locks/tether-bac35ee795926b2d.lock for /home/workpc/www/p-ui/portfolio-ui/node_modules/bootstrap/node_modules/tether
340 silly install write writing tether 1.3.7 to /home/workpc/www/p-ui/portfolio-ui/node_modules/bootstrap/node_modules/tether
341 verbose unbuild node_modules/bootstrap/node_modules/tether
342 silly gentlyRm /home/workpc/www/p-ui/portfolio-ui/node_modules/bootstrap/node_modules/tether is being purged from base /home/workpc/www/p-ui/portfolio-ui
343 verbose gentlyRm don't care about contents; nuking /home/workpc/www/p-ui/portfolio-ui/node_modules/bootstrap/node_modules/tether
344 verbose tar unpack /home/workpc/.npm/tether/1.3.7/package.tgz
345 verbose tar unpacking to /home/workpc/www/p-ui/portfolio-ui/node_modules/bootstrap/node_modules/tether
346 silly gentlyRm /home/workpc/www/p-ui/portfolio-ui/node_modules/bootstrap/node_modules/tether is being purged
347 verbose gentlyRm don't care about contents; nuking /home/workpc/www/p-ui/portfolio-ui/node_modules/bootstrap/node_modules/tether
348 silly gunzTarPerm modes [ '755', '644' ]
349 verbose lock using /home/workpc/.npm/_locks/jquery-c140039756216fc5.lock for /home/workpc/www/p-ui/portfolio-ui/node_modules/bootstrap/node_modules/jquery
350 silly gunzTarPerm extractEntry package.json
351 silly install write writing jquery 3.1.1 to /home/workpc/www/p-ui/portfolio-ui/node_modules/bootstrap/node_modules/jquery
352 silly gunzTarPerm extractEntry .npmignore
353 silly gunzTarPerm extractEntry README.md
354 verbose unbuild node_modules/bootstrap/node_modules/jquery
355 silly gentlyRm /home/workpc/www/p-ui/portfolio-ui/node_modules/bootstrap/node_modules/jquery is being purged from base /home/workpc/www/p-ui/portfolio-ui
356 verbose gentlyRm don't care about contents; nuking /home/workpc/www/p-ui/portfolio-ui/node_modules/bootstrap/node_modules/jquery
357 verbose tar unpack /home/workpc/.npm/jquery/3.1.1/package.tgz
358 verbose tar unpacking to /home/workpc/www/p-ui/portfolio-ui/node_modules/bootstrap/node_modules/jquery
359 silly gentlyRm /home/workpc/www/p-ui/portfolio-ui/node_modules/bootstrap/node_modules/jquery is being purged
360 verbose gentlyRm don't care about contents; nuking /home/workpc/www/p-ui/portfolio-ui/node_modules/bootstrap/node_modules/jquery
361 silly gunzTarPerm modes [ '755', '644' ]
362 silly gunzTarPerm extractEntry LICENSE
363 silly gunzTarPerm extractEntry package.json
364 silly gunzTarPerm modified mode [ 'package.json', 438, 420 ]
365 silly gunzTarPerm extractEntry gulpfile.js
366 silly gunzTarPerm extractEntry component.json
367 silly gunzTarPerm extractEntry README.md
368 silly gunzTarPerm modified mode [ 'README.md', 438, 420 ]
369 silly gunzTarPerm extractEntry AUTHORS.txt
370 silly gunzTarPerm modified mode [ 'AUTHORS.txt', 438, 420 ]
371 silly gunzTarPerm extractEntry LICENSE.txt
372 silly gunzTarPerm modified mode [ 'LICENSE.txt', 438, 420 ]
373 silly gunzTarPerm extractEntry .hsdoc
374 silly gunzTarPerm extractEntry bower.json
375 silly gunzTarPerm extractEntry bower.json
376 silly gunzTarPerm modified mode [ 'bower.json', 438, 420 ]
377 silly gunzTarPerm extractEntry dist/core.js
378 silly gunzTarPerm modified mode [ 'dist/core.js', 438, 420 ]
379 silly gunzTarPerm extractEntry dist/css/tether-theme-arrows-dark.css
380 silly gunzTarPerm extractEntry dist/css/tether-theme-arrows-dark.min.css
381 silly gunzTarPerm extractEntry dist/css/tether-theme-arrows.css
382 silly gunzTarPerm extractEntry dist/css/tether-theme-arrows.min.css
383 silly gunzTarPerm extractEntry dist/css/tether-theme-basic.css
384 silly gunzTarPerm extractEntry dist/css/tether-theme-basic.min.css
385 silly gunzTarPerm extractEntry dist/jquery.js
386 silly gunzTarPerm modified mode [ 'dist/jquery.js', 438, 420 ]
387 silly gunzTarPerm extractEntry dist/jquery.min.js
388 silly gunzTarPerm modified mode [ 'dist/jquery.min.js', 438, 420 ]
389 silly gunzTarPerm extractEntry dist/css/tether.css
390 silly gunzTarPerm extractEntry dist/css/tether.min.css
391 silly gunzTarPerm extractEntry dist/jquery.slim.js
392 silly gunzTarPerm modified mode [ 'dist/jquery.slim.js', 438, 420 ]
393 silly gunzTarPerm extractEntry dist/jquery.slim.min.js
394 silly gunzTarPerm modified mode [ 'dist/jquery.slim.min.js', 438, 420 ]
395 silly gunzTarPerm extractEntry dist/js/tether.js
396 silly gunzTarPerm extractEntry dist/js/tether.min.js
397 silly gunzTarPerm extractEntry dist/jquery.min.map
398 silly gunzTarPerm modified mode [ 'dist/jquery.min.map', 438, 420 ]
399 silly gunzTarPerm extractEntry docs/1-Overview/1-why_you_should_use_tether.md
400 silly gunzTarPerm extractEntry docs/1-Overview/2-repositioning.md
401 silly gunzTarPerm extractEntry dist/jquery.slim.min.map
402 silly gunzTarPerm modified mode [ 'dist/jquery.slim.min.map', 438, 420 ]
403 silly gunzTarPerm extractEntry docs/1-Overview/3-why_we_dont_support_IE_8.md
404 silly gunzTarPerm extractEntry docs/2-Examples/1-list_of_examples.md
405 silly gunzTarPerm extractEntry docs/2-Examples/2-projects_using_tether.md
406 silly gunzTarPerm extractEntry docs/3-Advanced/1-embedding_tether.md
407 silly gunzTarPerm extractEntry docs/3-Advanced/2-extending_tether.md
408 silly gunzTarPerm extractEntry docs/coffee/intro.coffee
409 silly gunzTarPerm extractEntry external/sizzle/LICENSE.txt
410 silly gunzTarPerm modified mode [ 'external/sizzle/LICENSE.txt', 438, 420 ]
411 silly gunzTarPerm extractEntry docs/css/intro.css
412 silly gunzTarPerm extractEntry docs/intro.md
413 silly gunzTarPerm extractEntry docs/js/intro.js
414 silly gunzTarPerm extractEntry docs/js/markAttachment.js
415 silly gunzTarPerm extractEntry docs/sass/intro.sass
416 silly gunzTarPerm extractEntry docs/welcome/browser-demo.html
417 silly gunzTarPerm extractEntry docs/welcome/coffee/welcome.coffee
418 silly gunzTarPerm extractEntry docs/welcome/css/browser-demo.css
419 silly gunzTarPerm extractEntry docs/welcome/css/prism.css
420 silly gunzTarPerm extractEntry external/sizzle/dist/sizzle.js
421 silly gunzTarPerm modified mode [ 'external/sizzle/dist/sizzle.js', 438, 420 ]
422 silly gunzTarPerm extractEntry docs/welcome/css/welcome.css
423 silly gunzTarPerm extractEntry external/sizzle/dist/sizzle.min.js
424 silly gunzTarPerm modified mode [ 'external/sizzle/dist/sizzle.min.js', 438, 420 ]
425 silly gunzTarPerm extractEntry docs/welcome/index.html
426 silly gunzTarPerm extractEntry docs/welcome/js/drop.js
427 silly gunzTarPerm extractEntry external/sizzle/dist/sizzle.min.map
428 silly gunzTarPerm modified mode [ 'external/sizzle/dist/sizzle.min.map', 438, 420 ]
429 silly gunzTarPerm extractEntry docs/welcome/js/jquery.js
430 silly gunzTarPerm extractEntry docs/welcome/js/log.js
431 silly gunzTarPerm extractEntry src/wrap.js
432 silly gunzTarPerm modified mode [ 'src/wrap.js', 438, 420 ]
433 silly gunzTarPerm extractEntry src/core.js
434 silly gunzTarPerm modified mode [ 'src/core.js', 438, 420 ]
435 silly gunzTarPerm extractEntry src/selector.js
436 silly gunzTarPerm modified mode [ 'src/selector.js', 438, 420 ]
437 silly gunzTarPerm extractEntry src/css.js
438 silly gunzTarPerm modified mode [ 'src/css.js', 438, 420 ]
439 silly gunzTarPerm extractEntry src/selector-sizzle.js
440 silly gunzTarPerm modified mode [ 'src/selector-sizzle.js', 438, 420 ]
441 silly gunzTarPerm extractEntry src/serialize.js
442 silly gunzTarPerm modified mode [ 'src/serialize.js', 438, 420 ]
443 silly gunzTarPerm extractEntry src/selector-native.js
444 silly gunzTarPerm modified mode [ 'src/selector-native.js', 438, 420 ]
445 silly gunzTarPerm extractEntry src/deferred.js
446 silly gunzTarPerm modified mode [ 'src/deferred.js', 438, 420 ]
447 silly gunzTarPerm extractEntry src/deprecated.js
448 silly gunzTarPerm modified mode [ 'src/deprecated.js', 438, 420 ]
449 silly gunzTarPerm extractEntry src/dimensions.js
450 silly gunzTarPerm modified mode [ 'src/dimensions.js', 438, 420 ]
451 silly gunzTarPerm extractEntry src/queue.js
452 silly gunzTarPerm modified mode [ 'src/queue.js', 438, 420 ]
453 silly gunzTarPerm extractEntry src/callbacks.js
454 silly gunzTarPerm modified mode [ 'src/callbacks.js', 438, 420 ]
455 silly gunzTarPerm extractEntry src/offset.js
456 silly gunzTarPerm modified mode [ 'src/offset.js', 438, 420 ]
457 silly gunzTarPerm extractEntry src/attributes.js
458 silly gunzTarPerm modified mode [ 'src/attributes.js', 438, 420 ]
459 silly gunzTarPerm extractEntry src/manipulation.js
460 silly gunzTarPerm modified mode [ 'src/manipulation.js', 438, 420 ]
461 silly gunzTarPerm extractEntry src/traversing.js
462 silly gunzTarPerm modified mode [ 'src/traversing.js', 438, 420 ]
463 silly gunzTarPerm extractEntry src/event.js
464 silly gunzTarPerm modified mode [ 'src/event.js', 438, 420 ]
465 silly gunzTarPerm extractEntry src/ajax.js
466 silly gunzTarPerm modified mode [ 'src/ajax.js', 438, 420 ]
467 silly gunzTarPerm extractEntry src/jquery.js
468 silly gunzTarPerm modified mode [ 'src/jquery.js', 438, 420 ]
469 silly gunzTarPerm extractEntry src/data.js
470 silly gunzTarPerm modified mode [ 'src/data.js', 438, 420 ]
471 silly gunzTarPerm extractEntry docs/welcome/js/tether-v0.1.3.js
472 silly gunzTarPerm extractEntry docs/welcome/js/welcome.js
473 silly gunzTarPerm extractEntry docs/welcome/sass/_inline-block.sass
474 silly gunzTarPerm extractEntry docs/welcome/sass/browser-demo.sass
475 silly gunzTarPerm extractEntry docs/welcome/sass/welcome.sass
476 silly gunzTarPerm extractEntry examples/out-of-bounds/index.html
477 silly gunzTarPerm extractEntry src/effects.js
478 silly gunzTarPerm modified mode [ 'src/effects.js', 438, 420 ]
479 silly gunzTarPerm extractEntry examples/chosen/chosen.js
480 silly gunzTarPerm extractEntry examples/chosen/chosen-sprite.png
481 silly gunzTarPerm extractEntry examples/chosen/chosen-sprite@2x.png
482 silly gunzTarPerm extractEntry examples/chosen/chosen.css
483 silly gunzTarPerm extractEntry examples/chosen/index.html
484 silly gunzTarPerm extractEntry examples/content-visible/index.html
485 silly gunzTarPerm extractEntry src/data/Data.js
486 silly gunzTarPerm modified mode [ 'src/data/Data.js', 438, 420 ]
487 silly gunzTarPerm extractEntry examples/dolls/dolls.js
488 silly gunzTarPerm extractEntry examples/dolls/dolls.css
489 silly gunzTarPerm extractEntry examples/dolls/index.html
490 silly gunzTarPerm extractEntry examples/element-scroll/index.html
491 silly gunzTarPerm extractEntry src/data/var/acceptData.js
492 silly gunzTarPerm modified mode [ 'src/data/var/acceptData.js', 438, 420 ]
493 silly gunzTarPerm extractEntry src/data/var/dataPriv.js
494 silly gunzTarPerm modified mode [ 'src/data/var/dataPriv.js', 438, 420 ]
495 silly gunzTarPerm extractEntry src/data/var/dataUser.js
496 silly gunzTarPerm modified mode [ 'src/data/var/dataUser.js', 438, 420 ]
497 silly gunzTarPerm extractEntry src/exports/amd.js
498 silly gunzTarPerm modified mode [ 'src/exports/amd.js', 438, 420 ]
499 silly gunzTarPerm extractEntry src/exports/global.js
500 silly gunzTarPerm modified mode [ 'src/exports/global.js', 438, 420 ]
501 silly gunzTarPerm extractEntry src/event/ajax.js
502 silly gunzTarPerm modified mode [ 'src/event/ajax.js', 438, 420 ]
503 silly gunzTarPerm extractEntry src/event/alias.js
504 silly gunzTarPerm modified mode [ 'src/event/alias.js', 438, 420 ]
505 silly gunzTarPerm extractEntry src/event/focusin.js
506 silly gunzTarPerm modified mode [ 'src/event/focusin.js', 438, 420 ]
507 silly gunzTarPerm extractEntry src/event/support.js
508 silly gunzTarPerm modified mode [ 'src/event/support.js', 438, 420 ]
509 silly gunzTarPerm extractEntry src/event/trigger.js
510 silly gunzTarPerm modified mode [ 'src/event/trigger.js', 438, 420 ]
511 silly gunzTarPerm extractEntry src/ajax/jsonp.js
512 silly gunzTarPerm modified mode [ 'src/ajax/jsonp.js', 438, 420 ]
513 silly gunzTarPerm extractEntry src/ajax/load.js
514 silly gunzTarPerm modified mode [ 'src/ajax/load.js', 438, 420 ]
515 silly gunzTarPerm extractEntry src/ajax/parseXML.js
516 silly gunzTarPerm modified mode [ 'src/ajax/parseXML.js', 438, 420 ]
517 silly gunzTarPerm extractEntry src/ajax/script.js
518 silly gunzTarPerm modified mode [ 'src/ajax/script.js', 438, 420 ]
519 silly gunzTarPerm extractEntry src/ajax/xhr.js
520 silly gunzTarPerm modified mode [ 'src/ajax/xhr.js', 438, 420 ]
521 silly gunzTarPerm extractEntry src/ajax/var/location.js
522 silly gunzTarPerm modified mode [ 'src/ajax/var/location.js', 438, 420 ]
523 silly gunzTarPerm extractEntry examples/enable-disable/index.html
524 silly gunzTarPerm extractEntry examples/facebook/facebook.css
525 silly gunzTarPerm extractEntry src/ajax/var/nonce.js
526 silly gunzTarPerm modified mode [ 'src/ajax/var/nonce.js', 438, 420 ]
527 silly gunzTarPerm extractEntry examples/facebook/index.html
528 silly gunzTarPerm extractEntry examples/common/css/style.css
529 silly gunzTarPerm extractEntry src/ajax/var/rquery.js
530 silly gunzTarPerm modified mode [ 'src/ajax/var/rquery.js', 438, 420 ]
531 silly gunzTarPerm extractEntry src/queue/delay.js
532 silly gunzTarPerm modified mode [ 'src/queue/delay.js', 438, 420 ]
533 silly gunzTarPerm extractEntry src/effects/Tween.js
534 silly gunzTarPerm modified mode [ 'src/effects/Tween.js', 438, 420 ]
535 silly gunzTarPerm extractEntry examples/pin/index.html
536 silly gunzTarPerm extractEntry src/effects/animatedSelector.js
537 silly gunzTarPerm modified mode [ 'src/effects/animatedSelector.js', 438, 420 ]
538 silly gunzTarPerm extractEntry examples/resources/css/base.css
539 silly gunzTarPerm extractEntry examples/resources/js/jquery.js
540 silly gunzTarPerm extractEntry src/deferred/exceptionHook.js
541 silly gunzTarPerm modified mode [ 'src/deferred/exceptionHook.js', 438, 420 ]
542 silly gunzTarPerm extractEntry examples/resources/js/log.js
543 silly gunzTarPerm extractEntry examples/scroll/index.html
544 silly gunzTarPerm extractEntry examples/simple/index.html
545 silly gunzTarPerm extractEntry examples/testbed/index.html
546 silly gunzTarPerm extractEntry examples/tooltip/index.html
547 silly gunzTarPerm extractEntry src/manipulation/_evalUrl.js
548 silly gunzTarPerm modified mode [ 'src/manipulation/_evalUrl.js', 438, 420 ]
549 silly gunzTarPerm extractEntry src/manipulation/buildFragment.js
550 silly gunzTarPerm modified mode [ 'src/manipulation/buildFragment.js', 438, 420 ]
551 silly gunzTarPerm extractEntry src/manipulation/getAll.js
552 silly gunzTarPerm modified mode [ 'src/manipulation/getAll.js', 438, 420 ]
553 silly gunzTarPerm extractEntry src/manipulation/setGlobalEval.js
554 silly gunzTarPerm modified mode [ 'src/manipulation/setGlobalEval.js', 438, 420 ]
555 silly gunzTarPerm extractEntry src/manipulation/support.js
556 silly gunzTarPerm modified mode [ 'src/manipulation/support.js', 438, 420 ]
557 silly gunzTarPerm extractEntry src/manipulation/wrapMap.js
558 silly gunzTarPerm modified mode [ 'src/manipulation/wrapMap.js', 438, 420 ]
559 silly gunzTarPerm extractEntry src/manipulation/var/rcheckableType.js
560 silly gunzTarPerm modified mode [ 'src/manipulation/var/rcheckableType.js', 438, 420 ]
561 silly gunzTarPerm extractEntry src/manipulation/var/rscriptType.js
562 silly gunzTarPerm modified mode [ 'src/manipulation/var/rscriptType.js', 438, 420 ]
563 silly gunzTarPerm extractEntry src/manipulation/var/rtagName.js
564 silly gunzTarPerm modified mode [ 'src/manipulation/var/rtagName.js', 438, 420 ]
565 silly gunzTarPerm extractEntry examples/viewport/colors.css
566 silly gunzTarPerm extractEntry examples/viewport/index.html
567 silly gunzTarPerm extractEntry CHANGELOG.md
568 silly gunzTarPerm extractEntry src/css/addGetHookIf.js
569 silly gunzTarPerm modified mode [ 'src/css/addGetHookIf.js', 438, 420 ]
570 silly gunzTarPerm extractEntry CONTRIBUTING.md
571 silly gunzTarPerm extractEntry src/css/helpers/_tether-theme-arrows.sass
572 silly gunzTarPerm extractEntry src/css/helpers/_tether-theme-basic.sass
573 silly gunzTarPerm extractEntry src/css/helpers/_tether.sass
574 silly gunzTarPerm extractEntry src/css/adjustCSS.js
575 silly gunzTarPerm modified mode [ 'src/css/adjustCSS.js', 438, 420 ]
576 silly gunzTarPerm extractEntry src/css/mixins/_inline-block.sass
577 silly gunzTarPerm extractEntry src/css/mixins/_pie-clearfix.sass
578 silly gunzTarPerm extractEntry src/css/curCSS.js
579 silly gunzTarPerm modified mode [ 'src/css/curCSS.js', 438, 420 ]
580 silly gunzTarPerm extractEntry src/css/hiddenVisibleSelectors.js
581 silly gunzTarPerm modified mode [ 'src/css/hiddenVisibleSelectors.js', 438, 420 ]
582 silly gunzTarPerm extractEntry src/css/tether-theme-arrows-dark.sass
583 silly gunzTarPerm extractEntry src/css/tether-theme-arrows.sass
584 silly gunzTarPerm extractEntry src/css/showHide.js
585 silly gunzTarPerm modified mode [ 'src/css/showHide.js', 438, 420 ]
586 silly gunzTarPerm extractEntry src/css/support.js
587 silly gunzTarPerm modified mode [ 'src/css/support.js', 438, 420 ]
588 silly gunzTarPerm extractEntry src/css/var/cssExpand.js
589 silly gunzTarPerm modified mode [ 'src/css/var/cssExpand.js', 438, 420 ]
590 silly gunzTarPerm extractEntry src/css/var/getStyles.js
591 silly gunzTarPerm modified mode [ 'src/css/var/getStyles.js', 438, 420 ]
592 silly gunzTarPerm extractEntry src/css/var/isHiddenWithinTree.js
593 silly gunzTarPerm modified mode [ 'src/css/var/isHiddenWithinTree.js', 438, 420 ]
594 silly gunzTarPerm extractEntry src/css/tether-theme-basic.sass
595 silly gunzTarPerm extractEntry src/css/tether.sass
596 silly gunzTarPerm extractEntry src/js/abutment.js
597 silly gunzTarPerm extractEntry src/css/var/rmargin.js
598 silly gunzTarPerm modified mode [ 'src/css/var/rmargin.js', 438, 420 ]
599 silly gunzTarPerm extractEntry src/js/constraint.js
600 silly gunzTarPerm extractEntry src/css/var/rnumnonpx.js
601 silly gunzTarPerm modified mode [ 'src/css/var/rnumnonpx.js', 438, 420 ]
602 silly gunzTarPerm extractEntry src/js/markAttachment.js
603 silly gunzTarPerm extractEntry src/css/var/swap.js
604 silly gunzTarPerm modified mode [ 'src/css/var/swap.js', 438, 420 ]
605 silly gunzTarPerm extractEntry src/js/shift.js
606 silly gunzTarPerm extractEntry src/core/DOMEval.js
607 silly gunzTarPerm modified mode [ 'src/core/DOMEval.js', 438, 420 ]
608 silly gunzTarPerm extractEntry src/core/access.js
609 silly gunzTarPerm modified mode [ 'src/core/access.js', 438, 420 ]
610 silly gunzTarPerm extractEntry src/core/init.js
611 silly gunzTarPerm modified mode [ 'src/core/init.js', 438, 420 ]
612 silly gunzTarPerm extractEntry src/js/tether.js
613 silly gunzTarPerm extractEntry src/js/utils.js
614 silly gunzTarPerm extractEntry src/core/parseHTML.js
615 silly gunzTarPerm modified mode [ 'src/core/parseHTML.js', 438, 420 ]
616 silly gunzTarPerm extractEntry src/core/ready-no-deferred.js
617 silly gunzTarPerm modified mode [ 'src/core/ready-no-deferred.js', 438, 420 ]
618 silly gunzTarPerm extractEntry src/core/ready.js
619 silly gunzTarPerm modified mode [ 'src/core/ready.js', 438, 420 ]
620 silly gunzTarPerm extractEntry src/core/readyException.js
621 silly gunzTarPerm modified mode [ 'src/core/readyException.js', 438, 420 ]
622 silly gunzTarPerm extractEntry src/core/stripAndCollapse.js
623 silly gunzTarPerm modified mode [ 'src/core/stripAndCollapse.js', 438, 420 ]
624 silly gunzTarPerm extractEntry src/core/support.js
625 silly gunzTarPerm modified mode [ 'src/core/support.js', 438, 420 ]
626 silly gunzTarPerm extractEntry src/core/var/rsingleTag.js
627 silly gunzTarPerm modified mode [ 'src/core/var/rsingleTag.js', 438, 420 ]
628 silly gunzTarPerm extractEntry src/traversing/findFilter.js
629 silly gunzTarPerm modified mode [ 'src/traversing/findFilter.js', 438, 420 ]
630 silly gunzTarPerm extractEntry src/traversing/var/dir.js
631 silly gunzTarPerm modified mode [ 'src/traversing/var/dir.js', 438, 420 ]
632 silly gunzTarPerm extractEntry src/traversing/var/rneedsContext.js
633 silly gunzTarPerm modified mode [ 'src/traversing/var/rneedsContext.js', 438, 420 ]
634 silly gunzTarPerm extractEntry src/traversing/var/siblings.js
635 silly gunzTarPerm modified mode [ 'src/traversing/var/siblings.js', 438, 420 ]
636 silly gunzTarPerm extractEntry src/attributes/attr.js
637 silly gunzTarPerm modified mode [ 'src/attributes/attr.js', 438, 420 ]
638 silly gunzTarPerm extractEntry src/attributes/classes.js
639 silly gunzTarPerm modified mode [ 'src/attributes/classes.js', 438, 420 ]
640 silly gunzTarPerm extractEntry src/attributes/prop.js
641 silly gunzTarPerm modified mode [ 'src/attributes/prop.js', 438, 420 ]
642 silly gunzTarPerm extractEntry src/attributes/support.js
643 silly gunzTarPerm modified mode [ 'src/attributes/support.js', 438, 420 ]
644 silly gunzTarPerm extractEntry src/attributes/val.js
645 silly gunzTarPerm modified mode [ 'src/attributes/val.js', 438, 420 ]
646 silly gunzTarPerm extractEntry src/var/ObjectFunctionString.js
647 silly gunzTarPerm modified mode [ 'src/var/ObjectFunctionString.js', 438, 420 ]
648 silly gunzTarPerm extractEntry src/var/documentElement.js
649 silly gunzTarPerm modified mode [ 'src/var/documentElement.js', 438, 420 ]
650 silly gunzTarPerm extractEntry src/var/fnToString.js
651 silly gunzTarPerm modified mode [ 'src/var/fnToString.js', 438, 420 ]
652 silly gunzTarPerm extractEntry src/var/getProto.js
653 silly gunzTarPerm modified mode [ 'src/var/getProto.js', 438, 420 ]
654 silly gunzTarPerm extractEntry src/var/document.js
655 silly gunzTarPerm modified mode [ 'src/var/document.js', 438, 420 ]
656 silly gunzTarPerm extractEntry src/var/indexOf.js
657 silly gunzTarPerm modified mode [ 'src/var/indexOf.js', 438, 420 ]
658 silly gunzTarPerm extractEntry src/var/pnum.js
659 silly gunzTarPerm modified mode [ 'src/var/pnum.js', 438, 420 ]
660 silly gunzTarPerm extractEntry src/var/push.js
661 silly gunzTarPerm modified mode [ 'src/var/push.js', 438, 420 ]
662 silly gunzTarPerm extractEntry src/var/rcssNum.js
663 silly gunzTarPerm modified mode [ 'src/var/rcssNum.js', 438, 420 ]
664 silly gunzTarPerm extractEntry src/var/rnothtmlwhite.js
665 silly gunzTarPerm modified mode [ 'src/var/rnothtmlwhite.js', 438, 420 ]
666 silly gunzTarPerm extractEntry src/var/concat.js
667 silly gunzTarPerm modified mode [ 'src/var/concat.js', 438, 420 ]
668 silly gunzTarPerm extractEntry src/var/slice.js
669 silly gunzTarPerm modified mode [ 'src/var/slice.js', 438, 420 ]
670 silly gunzTarPerm extractEntry src/var/class2type.js
671 silly gunzTarPerm modified mode [ 'src/var/class2type.js', 438, 420 ]
672 silly gunzTarPerm extractEntry src/var/support.js
673 silly gunzTarPerm modified mode [ 'src/var/support.js', 438, 420 ]
674 silly gunzTarPerm extractEntry src/var/arr.js
675 silly gunzTarPerm modified mode [ 'src/var/arr.js', 438, 420 ]
676 silly gunzTarPerm extractEntry src/var/toString.js
677 silly gunzTarPerm modified mode [ 'src/var/toString.js', 438, 420 ]
678 silly gunzTarPerm extractEntry src/var/hasOwn.js
679 silly gunzTarPerm modified mode [ 'src/var/hasOwn.js', 438, 420 ]
680 silly gunzTarPerm extractEntry src/.eslintrc.json
681 silly gunzTarPerm modified mode [ 'src/.eslintrc.json', 438, 420 ]
682 verbose write writing to /home/workpc/www/p-ui/portfolio-ui/node_modules/bootstrap/node_modules/jquery/package.json
683 info preinstall jquery@3.1.1
684 verbose readDependencies loading dependencies from /home/workpc/www/p-ui/portfolio-ui/node_modules/bootstrap/node_modules/jquery/package.json
685 verbose readDependencies loading dependencies from /home/workpc/www/p-ui/portfolio-ui/node_modules/bootstrap/node_modules/jquery/package.json
686 silly install resolved []
687 verbose about to build /home/workpc/www/p-ui/portfolio-ui/node_modules/bootstrap/node_modules/jquery
688 info build /home/workpc/www/p-ui/portfolio-ui/node_modules/bootstrap/node_modules/jquery
689 info linkStuff jquery@3.1.1
690 silly linkStuff jquery@3.1.1 has /home/workpc/www/p-ui/portfolio-ui/node_modules/bootstrap/node_modules as its parent node_modules
691 verbose linkBins jquery@3.1.1
692 verbose linkMans jquery@3.1.1
693 verbose rebuildBundles jquery@3.1.1
694 info install jquery@3.1.1
695 info postinstall jquery@3.1.1
696 verbose unlock done using /home/workpc/.npm/_locks/jquery-c140039756216fc5.lock for /home/workpc/www/p-ui/portfolio-ui/node_modules/bootstrap/node_modules/jquery
697 verbose write writing to /home/workpc/www/p-ui/portfolio-ui/node_modules/bootstrap/node_modules/tether/package.json
698 info preinstall tether@1.3.7
699 verbose readDependencies loading dependencies from /home/workpc/www/p-ui/portfolio-ui/node_modules/bootstrap/node_modules/tether/package.json
700 verbose readDependencies loading dependencies from /home/workpc/www/p-ui/portfolio-ui/node_modules/bootstrap/node_modules/tether/package.json
701 silly install resolved []
702 verbose about to build /home/workpc/www/p-ui/portfolio-ui/node_modules/bootstrap/node_modules/tether
703 info build /home/workpc/www/p-ui/portfolio-ui/node_modules/bootstrap/node_modules/tether
704 info linkStuff tether@1.3.7
705 silly linkStuff tether@1.3.7 has /home/workpc/www/p-ui/portfolio-ui/node_modules/bootstrap/node_modules as its parent node_modules
706 verbose linkBins tether@1.3.7
707 verbose linkMans tether@1.3.7
708 verbose rebuildBundles tether@1.3.7
709 info install tether@1.3.7
710 info postinstall tether@1.3.7
711 verbose unlock done using /home/workpc/.npm/_locks/tether-bac35ee795926b2d.lock for /home/workpc/www/p-ui/portfolio-ui/node_modules/bootstrap/node_modules/tether
712 verbose about to build /home/workpc/www/p-ui/portfolio-ui/node_modules/bootstrap
713 info build /home/workpc/www/p-ui/portfolio-ui/node_modules/bootstrap
714 info linkStuff bootstrap@4.0.0-alpha.4
715 silly linkStuff bootstrap@4.0.0-alpha.4 has /home/workpc/www/p-ui/portfolio-ui/node_modules as its parent node_modules
716 verbose linkBins bootstrap@4.0.0-alpha.4
717 verbose linkMans bootstrap@4.0.0-alpha.4
718 verbose rebuildBundles bootstrap@4.0.0-alpha.4
719 verbose rebuildBundles [ 'jquery', 'tether' ]
720 info install bootstrap@4.0.0-alpha.4
721 info postinstall bootstrap@4.0.0-alpha.4
722 verbose unlock done using /home/workpc/.npm/_locks/bootstrap-fc37a364f9019901.lock for /home/workpc/www/p-ui/portfolio-ui/node_modules/bootstrap
723 verbose validateInstall loading /home/workpc/www/p-ui/portfolio-ui/package.json for validation
724 verbose stack Error: The package @angular/common@2.0.0-rc.6 does not satisfy its siblings' peerDependencies requirements!
724 verbose stack     at /home/workpc/nodejs/lib/node_modules/npm/lib/install.js:125:32
724 verbose stack     at /home/workpc/nodejs/lib/node_modules/npm/lib/install.js:268:7
724 verbose stack     at /home/workpc/nodejs/lib/node_modules/npm/node_modules/read-installed/read-installed.js:142:5
724 verbose stack     at /home/workpc/nodejs/lib/node_modules/npm/node_modules/read-installed/read-installed.js:263:14
724 verbose stack     at cb (/home/workpc/nodejs/lib/node_modules/npm/node_modules/slide/lib/async-map.js:47:24)
724 verbose stack     at /home/workpc/nodejs/lib/node_modules/npm/node_modules/read-installed/read-installed.js:263:14
724 verbose stack     at cb (/home/workpc/nodejs/lib/node_modules/npm/node_modules/slide/lib/async-map.js:47:24)
724 verbose stack     at /home/workpc/nodejs/lib/node_modules/npm/node_modules/read-installed/read-installed.js:263:14
724 verbose stack     at cb (/home/workpc/nodejs/lib/node_modules/npm/node_modules/slide/lib/async-map.js:47:24)
724 verbose stack     at /home/workpc/nodejs/lib/node_modules/npm/node_modules/read-installed/read-installed.js:263:14
725 verbose cwd /home/workpc/www/p-ui/portfolio-ui
726 error Linux 3.19.0-32-generic
727 error argv "/usr/local/bin/node" "/usr/local/bin/npm" "install" "bootstrap@4.0.0-alpha.4" "--save"
728 error node v0.12.9
729 error npm  v2.14.9
730 error code EPEERINVALID
731 error peerinvalid The package @angular/common@2.0.0-rc.6 does not satisfy its siblings' peerDependencies requirements!
731 error peerinvalid Peer @angular/forms@2.0.0-rc.6 wants @angular/common@^2.0.0-rc.6
731 error peerinvalid Peer @angular/platform-browser@2.0.0-rc.6 wants @angular/common@^2.0.0-rc.6
731 error peerinvalid Peer @angular/platform-browser-dynamic@2.0.0-rc.6 wants @angular/common@^2.0.0-rc.6
731 error peerinvalid Peer @angular/router@3.0.0-rc.2 wants @angular/common@^2.0.0-rc.6
731 error peerinvalid Peer @angular/platform-server@2.0.0 wants @angular/common@^2.0.0
732 verbose exit [ 1, true ]
